<?xml version="1.0" encoding="UTF-8"?>
<!-- Generated by org.testng.reporters.JUnitReportReporter -->
<testsuite hostname="MKD-CORP-BCP002" failures="0" tests="1" name="com.cyient.Amazonapplication.LoginTestTest" time="31.685" errors="0" timestamp="2021-06-14T00:28:06 IST" skipped="0">
  <testcase classname="com.cyient.Amazonapplication.LoginTestTest" name="validateCredentail" time="31.685"/>
  <system-out/>
</testsuite> <!-- com.cyient.Amazonapplication.LoginTestTest -->
